2022-01-27 08:15:03,393 [main] INFO com.java.main.ExcelUtility - Trying to Fetch Data From: USERS sheet at Row: 1 & Column: MONTH
2022-01-27 08:15:03,399 [main] INFO com.java.main.ExcelUtility - Excel Sheet Returned Value as: JAN
2022-01-27 08:15:03,400 [main] INFO com.java.main.ExcelUtility - Trying to Fetch Data From: USERS sheet at Row: 1 & Column: DAY
2022-01-27 08:15:03,406 [main] INFO com.java.main.ExcelUtility - Excel Sheet Returned Value as: 23
2022-01-27 08:15:03,407 [main] INFO com.java.main.ExcelUtility - Trying to Fetch Data From: USERS sheet at Row: 2 & Column: MONTH
2022-01-27 08:15:03,408 [main] INFO com.java.main.ExcelUtility - Excel Sheet Returned Value as: JUL
2022-01-27 08:15:03,408 [main] INFO com.java.main.ExcelUtility - Trying to Fetch Data From: USERS sheet at Row: 3 & Column: MONTH
2022-01-27 08:15:03,409 [main] INFO com.java.main.ExcelUtility - Excel Sheet Returned Value as: MAY
2022-01-27 08:15:03,410 [main] INFO com.java.main.ExcelUtility - Trying to Fetch Data From: USERS sheet at Row: 4 & Column: MONTH
2022-01-27 08:15:03,411 [main] INFO com.java.main.ExcelUtility - Excel Sheet Returned Value as: MAR
2022-01-27 08:15:03,412 [main] INFO com.java.main.ExcelUtility - Trying to Fetch Data From: USERS sheet at Row: 5 & Column: MONTH
2022-01-27 08:15:03,413 [main] INFO com.java.main.ExcelUtility - Excel Sheet Returned Value as: AUG
2022-01-27 08:15:03,414 [main] INFO com.java.main.ExcelUtility - Trying to Fetch Data From: USERS sheet at Row: 6 & Column: MONTH
2022-01-27 08:15:03,414 [main] INFO com.java.main.ExcelUtility - Excel Sheet Returned Value as: DEC
2022-01-27 08:15:03,415 [main] INFO com.java.main.ExcelUtility - Trying to Fetch Data From: USERS sheet at Row: 7 & Column: MONTH
2022-01-27 08:15:03,417 [main] INFO com.java.main.ExcelUtility - Excel Sheet Returned Value as: SEP
2022-01-27 08:15:03,417 [main] INFO com.java.main.ExcelUtility - Trying to Fetch Data From: USERS sheet at Row: 8 & Column: MONTH
2022-01-27 08:15:03,418 [main] INFO com.java.main.ExcelUtility - Excel Sheet Returned Value as: AUG
2022-01-27 08:15:03,419 [main] INFO com.java.main.ExcelUtility - Trying to Fetch Data From: USERS sheet at Row: 9 & Column: MONTH
2022-01-27 08:15:03,420 [main] INFO com.java.main.ExcelUtility - Excel Sheet Returned Value as: OCT
2022-01-27 08:15:03,420 [main] INFO com.java.main.ExcelUtility - Trying to Fetch Data From: USERS sheet at Row: 10 & Column: MONTH
2022-01-27 08:15:03,421 [main] INFO com.java.main.ExcelUtility - Excel Sheet Returned Value as: NOV
2022-01-27 08:15:03,422 [main] INFO com.java.main.ExcelUtility - Trying to Fetch Data From: USERS sheet at Row: 11 & Column: MONTH
2022-01-27 08:15:03,422 [main] INFO com.java.main.ExcelUtility - Excel Sheet Returned Value as: OCT
2022-01-27 08:15:03,423 [main] INFO com.java.main.ExcelUtility - Trying to Fetch Data From: USERS sheet at Row: 12 & Column: MONTH
2022-01-27 08:15:03,428 [main] INFO com.java.main.ExcelUtility - Excel Sheet Returned Value as: MAY
2022-01-27 08:15:03,429 [main] INFO com.java.main.ExcelUtility - Trying to Fetch Data From: USERS sheet at Row: 13 & Column: MONTH
2022-01-27 08:15:03,430 [main] INFO com.java.main.ExcelUtility - Excel Sheet Returned Value as: JUL
2022-01-27 08:15:03,430 [main] INFO com.java.main.ExcelUtility - Trying to Fetch Data From: USERS sheet at Row: 14 & Column: MONTH
2022-01-27 08:15:03,431 [main] INFO com.java.main.ExcelUtility - Excel Sheet Returned Value as: FEB
2022-01-27 08:15:03,432 [main] INFO com.java.main.ExcelUtility - Trying to Fetch Data From: USERS sheet at Row: 15 & Column: MONTH
2022-01-27 08:15:03,432 [main] INFO com.java.main.ExcelUtility - Excel Sheet Returned Value as: DEC
2022-01-27 08:15:03,433 [main] INFO com.java.main.ExcelUtility - Trying to Fetch Data From: USERS sheet at Row: 16 & Column: MONTH
2022-01-27 08:15:03,434 [main] INFO com.java.main.ExcelUtility - Excel Sheet Returned Value as: JAN
2022-01-27 08:15:03,434 [main] INFO com.java.main.ExcelUtility - Trying to Fetch Data From: USERS sheet at Row: 16 & Column: DAY
2022-01-27 08:15:03,435 [main] INFO com.java.main.ExcelUtility - Excel Sheet Returned Value as: 23
2022-01-27 08:15:03,436 [main] INFO com.java.main.ExcelUtility - Trying to Fetch Data From: USERS sheet at Row: 17 & Column: MONTH
2022-01-27 08:15:03,436 [main] INFO com.java.main.ExcelUtility - Excel Sheet Returned Value as: JUL
2022-01-27 08:15:03,437 [main] INFO com.java.main.ExcelUtility - Trying to Fetch Data From: USERS sheet at Row: 18 & Column: MONTH
2022-01-27 08:15:03,438 [main] INFO com.java.main.ExcelUtility - Excel Sheet Returned Value as: JUN
2022-01-27 08:15:03,438 [main] INFO com.java.main.ExcelUtility - Trying to Fetch Data From: USERS sheet at Row: 19 & Column: MONTH
2022-01-27 08:15:03,439 [main] INFO com.java.main.ExcelUtility - Excel Sheet Returned Value as: JUN
2022-01-27 08:15:03,439 [main] INFO com.java.main.ExcelUtility - Trying to Fetch Data From: USERS sheet at Row: 20 & Column: MONTH
2022-01-27 08:15:03,440 [main] INFO com.java.main.ExcelUtility - Excel Sheet Returned Value as: JUL
2022-01-27 08:15:03,440 [main] INFO com.java.main.ExcelUtility - Trying to Fetch Data From: USERS sheet at Row: 21 & Column: MONTH
2022-01-27 08:15:03,441 [main] INFO com.java.main.ExcelUtility - Excel Sheet Returned Value as: MAR
2022-01-27 08:15:03,441 [main] INFO com.java.main.ExcelUtility - Trying to Fetch Data From: USERS sheet at Row: 22 & Column: MONTH
2022-01-27 08:15:03,442 [main] INFO com.java.main.ExcelUtility - Excel Sheet Returned Value as: MAY
2022-01-27 08:15:03,442 [main] INFO com.java.main.ExcelUtility - Trying to Fetch Data From: USERS sheet at Row: 23 & Column: MONTH
2022-01-27 08:15:03,443 [main] INFO com.java.main.ExcelUtility - Excel Sheet Returned Value as: SEP
2022-01-27 08:15:03,443 [main] INFO com.java.main.ExcelUtility - Trying to Fetch Data From: USERS sheet at Row: 24 & Column: MONTH
2022-01-27 08:15:03,444 [main] INFO com.java.main.ExcelUtility - Excel Sheet Returned Value as: JUN
2022-01-27 08:15:03,445 [main] INFO com.java.main.ExcelUtility - Trying to Fetch Data From: USERS sheet at Row: 25 & Column: MONTH
2022-01-27 08:15:03,445 [main] INFO com.java.main.ExcelUtility - Excel Sheet Returned Value as: OCT
2022-01-27 08:15:03,446 [main] INFO com.java.main.ExcelUtility - Trying to Fetch Data From: USERS sheet at Row: 26 & Column: MONTH
2022-01-27 08:15:03,446 [main] INFO com.java.main.ExcelUtility - Excel Sheet Returned Value as: AUG
2022-01-27 08:15:03,447 [main] INFO com.java.main.ExcelUtility - Trying to Fetch Data From: USERS sheet at Row: 27 & Column: MONTH
2022-01-27 08:15:03,447 [main] INFO com.java.main.ExcelUtility - Excel Sheet Returned Value as: SEP
2022-01-27 08:15:03,448 [main] INFO com.java.main.ExcelUtility - Trying to Fetch Data From: USERS sheet at Row: 28 & Column: MONTH
2022-01-27 08:15:03,448 [main] INFO com.java.main.ExcelUtility - Excel Sheet Returned Value as: APR
2022-01-27 08:15:03,448 [main] INFO com.java.main.ExcelUtility - Trying to Fetch Data From: USERS sheet at Row: 29 & Column: MONTH
2022-01-27 08:15:03,449 [main] INFO com.java.main.ExcelUtility - Excel Sheet Returned Value as: JUN
2022-01-27 08:15:03,449 [main] INFO com.java.main.ExcelUtility - Trying to Fetch Data From: USERS sheet at Row: 30 & Column: MONTH
2022-01-27 08:15:03,450 [main] INFO com.java.main.ExcelUtility - Excel Sheet Returned Value as: SEP
2022-01-27 08:15:03,451 [main] INFO com.java.main.ExcelUtility - Trying to Fetch Data From: USERS sheet at Row: 31 & Column: MONTH
2022-01-27 08:15:03,451 [main] INFO com.java.main.ExcelUtility - Excel Sheet Returned Value as: FEB
2022-01-27 08:15:03,452 [main] INFO com.java.main.ExcelUtility - Trying to Fetch Data From: USERS sheet at Row: 32 & Column: MONTH
2022-01-27 08:15:03,452 [main] INFO com.java.main.ExcelUtility - Excel Sheet Returned Value as: JAN
2022-01-27 08:15:03,453 [main] INFO com.java.main.ExcelUtility - Trying to Fetch Data From: USERS sheet at Row: 32 & Column: DAY
2022-01-27 08:15:03,453 [main] INFO com.java.main.ExcelUtility - Excel Sheet Returned Value as: 4
2022-01-27 08:15:03,454 [main] INFO com.java.main.ExcelUtility - Trying to Fetch Data From: USERS sheet at Row: 33 & Column: MONTH
2022-01-27 08:15:03,454 [main] INFO com.java.main.ExcelUtility - Excel Sheet Returned Value as: OCT
2022-01-27 08:15:03,455 [main] INFO com.java.main.ExcelUtility - Trying to Fetch Data From: USERS sheet at Row: 34 & Column: MONTH
2022-01-27 08:15:03,455 [main] INFO com.java.main.ExcelUtility - Excel Sheet Returned Value as: OCT
2022-01-27 08:15:03,456 [main] INFO com.java.main.ExcelUtility - Trying to Fetch Data From: USERS sheet at Row: 35 & Column: MONTH
2022-01-27 08:15:03,456 [main] INFO com.java.main.ExcelUtility - Excel Sheet Returned Value as: JAN
2022-01-27 08:15:03,456 [main] INFO com.java.main.ExcelUtility - Trying to Fetch Data From: USERS sheet at Row: 35 & Column: DAY
2022-01-27 08:15:03,457 [main] INFO com.java.main.ExcelUtility - Excel Sheet Returned Value as: 26
2022-01-27 08:15:03,457 [main] INFO com.java.main.ExcelUtility - Trying to Fetch Data From: USERS sheet at Row: 36 & Column: MONTH
2022-01-27 08:15:03,458 [main] INFO com.java.main.ExcelUtility - Excel Sheet Returned Value as: AUG
2022-01-27 08:15:03,458 [main] INFO com.java.main.User - Ooops! There is no one to wish birthday today.